GC: 0:min @ 5,003K(+564K)[+0K]; free 424K(-8,616K) 26ms @ 52
GC: 0:min @ 8,472K(+5,287K)[+240K]; free 2,732K(-4,028K) 10ms @ 103
GC: 0:min @ 9,868K(+5,187K)[+784K]; free 3,556K(-3,556K) 4ms @ 144
GC: 0:min @ 11,626K(+4,053K)[+984K]; free 3,912K(-5,208K) 4ms @ 168
GC: 0:min @ 13,148K(+3,827K)[+984K]; free 4,671K(-12,863K) 4ms @ 179
GC: 0:min @ 14,108K(+11,059K)[+996K]; free 4,419K(-5,443K) 4ms @ 199
GC: 0:min @ 16,611K(+9,580K)[+1,028K]; free 5,421K(-5,421K) 5ms @ 222
GC: 0:min @ 17,894K(+8,297K)[+1,172K]; free 4,032K(-6,624K) 10ms @ 251
GC: 0:min @ 22,623K(+7,296K)[+1,244K]; free 6,134K(-7,430K) 8ms @ 290
GC: 0:min @ 26,047K(+5,168K)[+1,264K]; free 7,497K(-24,905K) 9ms @ 329
GC: 0:min @ 29,191K(+19,784K)[+1,392K]; free 7,944K(-9,240K) 10ms @ 371
GC: 0:min @ 32,467K(+18,204K)[+1,976K]; free 8,645K(-15,333K) 11ms @ 432
GC: 0:min @ 39,064K(+18,295K)[+2,048K]; free 12,914K(-14,210K) 9ms @ 480
GC: 0:min @ 41,049K(+19,126K)[+2,744K]; free 10,835K(-13,427K) 15ms @ 562
GC: 0:min @ 47,635K(+15,132K)[+3,972K]; free 13,940K(-34,676K) 15ms @ 654
GC: 0:min @ 67,539K(+15,964K)[+5,184K]; free 25,641K(-42,009K) 31ms @ 911
GC: 0:MAJ @ 79,155K(+22,268K)[+6,200K]; free 34,268K(-34,268K) 104ms @ 1060
GC: 0:min @ 78,429K(+24,034K)[+7,128K]; free 24,355K(-48,915K) 35ms @ 1308
GC: 0:min @ 87,106K(+46,767K)[+7,656K]; free 19,963K(-19,963K) 28ms @ 1500
GC: 0:MAJ @ 77,006K(+56,890K)[+9,912K]; free 9,872K(-2,698K) 191ms @ 1640
GC: 0:mIn @ 100,142K(+27,900K)[+11,088K]; free 30,971K(-30,311K) 28ms @ 2261
GC: 0:mIn @ 77,934K(+49,448K)[+11,088K]; free 8,598K(-8,598K) 13ms @ 2454
GC: 0:mIn @ 78,024K(+49,358K)[+11,088K]; free 8,633K(-8,633K) 15ms @ 2635
GC: 0:mIn @ 78,073K(+49,309K)[+11,088K]; free 8,649K(-8,649K) 9ms @ 2794
GC: 0:mIn @ 78,111K(+49,271K)[+11,088K]; free 8,627K(-8,627K) 12ms @ 2982
GC: 0:mIn @ 78,194K(+49,188K)[+11,088K]; free 8,662K(-8,662K) 9ms @ 3131
GC: 0:mIn @ 78,234K(+49,149K)[+11,088K]; free 8,668K(-8,668K) 9ms @ 3269
GC: 0:mIn @ 78,216K(+49,166K)[+11,088K]; free 8,602K(-8,602K) 9ms @ 3414
GC: 0:mIn @ 78,245K(+49,137K)[+11,088K]; free 8,603K(-8,603K) 10ms @ 3556
GC: 0:mIn @ 78,367K(+49,015K)[+11,088K]; free 8,668K(-8,668K) 11ms @ 3694
GC: 0:mIn @ 78,350K(+49,033K)[+11,088K]; free 8,634K(-8,634K) 17ms @ 3852
GC: 0:mIn @ 78,340K(+49,042K)[+11,088K]; free 8,584K(-8,584K) 11ms @ 4027
GC: 0:mIn @ 78,472K(+48,910K)[+11,088K]; free 8,679K(-8,679K) 12ms @ 4214
GC: 0:mIn @ 78,460K(+48,922K)[+11,088K]; free 8,631K(-8,631K) 8ms @ 4365
GC: 0:mIn @ 78,467K(+48,915K)[+11,088K]; free 8,600K(-8,600K) 9ms @ 4508
GC: 0:mIn @ 78,550K(+48,832K)[+11,088K]; free 8,647K(-8,647K) 9ms @ 4649
GC: 0:mIn @ 78,643K(+48,739K)[+11,088K]; free 8,706K(-8,706K) 9ms @ 4791
GC: 0:mIn @ 78,652K(+48,730K)[+11,088K]; free 8,613K(-8,613K) 6ms @ 4929
GC: 0:mIn @ 78,695K(+48,687K)[+11,088K]; free 8,621K(-8,621K) 7ms @ 5051
GC: 0:mIn @ 78,719K(+48,663K)[+11,088K]; free 8,612K(-8,612K) 6ms @ 5156
GC: 0:mIn @ 78,766K(+48,616K)[+11,088K]; free 8,620K(-8,620K) 6ms @ 5270
GC: 0:mIn @ 78,869K(+48,513K)[+11,088K]; free 8,687K(-8,687K) 6ms @ 5393
GC: 0:mIn @ 78,839K(+48,543K)[+11,088K]; free 8,610K(-8,610K) 13ms @ 5535
GC: 0:mIn @ 78,886K(+48,497K)[+11,088K]; free 8,629K(-8,629K) 8ms @ 5677
GC: 0:mIn @ 78,979K(+48,403K)[+11,088K]; free 8,690K(-8,690K) 7ms @ 5821
GC: 0:mIn @ 78,951K(+48,431K)[+11,088K]; free 8,600K(-8,600K) 7ms @ 5944
GC: 0:mIn @ 79,022K(+48,361K)[+11,088K]; free 8,656K(-8,656K) 14ms @ 6086
GC: 0:mIn @ 79,093K(+48,290K)[+11,088K]; free 8,686K(-8,686K) 13ms @ 6270
GC: 0:mIn @ 79,102K(+48,280K)[+11,088K]; free 8,641K(-8,641K) 7ms @ 6423
GC: 0:mIn @ 79,106K(+48,276K)[+11,088K]; free 8,607K(-8,607K) 14ms @ 6571
GC: 0:mIn @ 79,195K(+48,187K)[+11,088K]; free 8,675K(-8,675K) 10ms @ 6731
GC: 0:mIn @ 79,177K(+48,205K)[+11,088K]; free 8,623K(-8,623K) 10ms @ 6879
GC: 0:mIn @ 79,235K(+48,148K)[+11,088K]; free 8,615K(-8,615K) 10ms @ 7031
GC: 0:mIn @ 79,302K(+48,080K)[+11,088K]; free 8,644K(-8,644K) 10ms @ 7187
GC: 0:mIn @ 79,459K(+47,923K)[+11,088K]; free 8,763K(-8,763K) 14ms @ 7382
GC: 0:mIn @ 79,417K(+47,965K)[+11,088K]; free 8,684K(-8,684K) 10ms @ 7565
GC: 0:mIn @ 79,426K(+47,956K)[+11,088K]; free 8,658K(-8,658K) 11ms @ 7711
GC: 0:mIn @ 79,415K(+47,967K)[+11,088K]; free 8,608K(-8,608K) 11ms @ 7888
GC: 0:mIn @ 79,460K(+47,922K)[+11,088K]; free 8,619K(-8,619K) 8ms @ 8066
GC: 0:mIn @ 79,529K(+47,853K)[+11,088K]; free 8,649K(-8,649K) 7ms @ 8174
GC: 0:mIn @ 79,512K(+47,870K)[+11,088K]; free 8,599K(-8,599K) 6ms @ 8287
GC: 0:mIn @ 79,597K(+47,785K)[+11,088K]; free 8,624K(-8,624K) 7ms @ 8391
GC: 0:mIn @ 79,624K(+47,758K)[+11,088K]; free 8,639K(-8,639K) 7ms @ 8509
GC: 0:mIn @ 79,671K(+47,712K)[+11,088K]; free 8,621K(-8,621K) 9ms @ 8638
GC: 0:mIn @ 79,799K(+47,583K)[+11,088K]; free 8,678K(-8,678K) 9ms @ 8789
GC: 0:mIn @ 79,739K(+47,643K)[+11,088K]; free 8,582K(-8,582K) 10ms @ 8938
GC: 0:mIn @ 79,817K(+47,565K)[+11,088K]; free 8,619K(-8,619K) 6ms @ 9133
GC: 0:mIn @ 79,873K(+47,509K)[+11,088K]; free 8,639K(-8,639K) 11ms @ 9258
GC: 0:mIn @ 79,930K(+47,452K)[+11,088K]; free 8,656K(-8,656K) 9ms @ 9461
GC: 0:mIn @ 79,945K(+47,437K)[+11,088K]; free 8,637K(-8,637K) 14ms @ 9607
GC: 0:mIn @ 79,926K(+47,456K)[+11,088K]; free 8,582K(-8,582K) 11ms @ 9757
GC: 0:mIn @ 80,041K(+47,341K)[+11,088K]; free 8,659K(-8,659K) 11ms @ 9937
GC: 0:mIn @ 80,060K(+47,322K)[+11,088K]; free 8,640K(-8,640K) 10ms @ 10118
GC: 0:mIn @ 80,099K(+47,283K)[+11,088K]; free 8,642K(-8,642K) 11ms @ 10303
GC: 0:mIn @ 80,194K(+47,188K)[+11,088K]; free 8,702K(-8,702K) 7ms @ 10449
GC: 0:mIn @ 80,167K(+47,215K)[+11,088K]; free 8,641K(-8,641K) 7ms @ 10571
GC: 0:mIn @ 80,205K(+47,177K)[+11,088K]; free 8,638K(-8,638K) 9ms @ 10754
GC: 0:mIn @ 80,237K(+47,146K)[+11,088K]; free 8,629K(-8,629K) 9ms @ 10911
GC: 0:mIn @ 80,297K(+47,085K)[+11,088K]; free 8,655K(-8,655K) 10ms @ 11085
GC: 0:mIn @ 80,331K(+47,051K)[+11,088K]; free 8,619K(-8,619K) 9ms @ 11214
GC: 0:mIn @ 80,393K(+46,989K)[+11,088K]; free 8,628K(-8,628K) 9ms @ 11350
GC: 0:mIn @ 80,426K(+46,956K)[+11,088K]; free 8,640K(-8,640K) 9ms @ 11495
GC: 0:mIn @ 80,429K(+46,953K)[+11,088K]; free 8,609K(-8,609K) 9ms @ 11636
GC: 0:mIn @ 80,538K(+46,844K)[+11,088K]; free 8,666K(-8,666K) 8ms @ 11785
GC: 0:mIn @ 80,508K(+46,874K)[+11,088K]; free 8,614K(-8,614K) 8ms @ 11924
GC: 0:mIn @ 80,565K(+46,817K)[+11,088K]; free 8,633K(-8,633K) 10ms @ 12064
GC: 0:mIn @ 80,587K(+46,795K)[+11,088K]; free 8,620K(-8,620K) 8ms @ 12209
GC: 0:mIn @ 80,653K(+46,729K)[+11,088K]; free 8,644K(-8,644K) 9ms @ 12405
GC: 0:mIn @ 80,701K(+46,681K)[+11,088K]; free 8,660K(-8,660K) 13ms @ 12599
GC: 0:mIn @ 80,691K(+46,691K)[+11,088K]; free 8,613K(-8,613K) 12ms @ 12738
GC: 0:mIn @ 80,823K(+46,559K)[+11,088K]; free 8,641K(-8,641K) 15ms @ 12937
GC: 0:mIn @ 80,833K(+46,549K)[+11,088K]; free 8,596K(-8,596K) 14ms @ 13092
GC: 0:mIn @ 80,936K(+46,446K)[+11,088K]; free 8,681K(-8,681K) 10ms @ 13269
GC: 0:mIn @ 80,922K(+46,460K)[+11,088K]; free 8,634K(-8,634K) 6ms @ 13434
GC: 0:mIn @ 80,974K(+46,408K)[+11,088K]; free 8,651K(-8,651K) 7ms @ 13546
GC: 0:mIn @ 80,956K(+46,426K)[+11,088K]; free 8,587K(-8,587K) 10ms @ 13675
GC: 0:mIn @ 81,032K(+46,351K)[+11,088K]; free 8,630K(-8,630K) 10ms @ 13833
GC: 0:mIn @ 81,050K(+46,333K)[+11,088K]; free 8,615K(-8,615K) 10ms @ 14003
GC: 0:mIn @ 81,113K(+46,269K)[+11,088K]; free 8,625K(-8,625K) 10ms @ 14173
GC: 0:mIn @ 81,145K(+46,237K)[+11,088K]; free 8,637K(-8,637K) 10ms @ 14337
GC: 0:mIn @ 81,268K(+46,114K)[+11,088K]; free 8,725K(-8,725K) 13ms @ 14515
GC: 0:mIn @ 81,331K(+46,051K)[+11,088K]; free 8,748K(-8,748K) 12ms @ 14727
GC: 0:mIn @ 81,236K(+46,146K)[+11,088K]; free 8,617K(-8,617K) 9ms @ 14859
GC: 0:mIn @ 81,339K(+46,043K)[+11,088K]; free 8,684K(-8,684K) 13ms @ 15025
GC: 0:mIn @ 81,310K(+46,072K)[+11,088K]; free 8,617K(-8,617K) 7ms @ 15205
GC: 0:mIn @ 81,344K(+46,038K)[+11,088K]; free 8,615K(-8,615K) 7ms @ 15329
GC: 0:mIn @ 81,397K(+45,985K)[+11,088K]; free 8,630K(-8,630K) 11ms @ 15474
GC: 0:mIn @ 81,453K(+45,929K)[+11,088K]; free 8,650K(-8,650K) 11ms @ 15652
GC: 0:mIn @ 81,468K(+45,914K)[+11,088K]; free 8,593K(-8,593K) 11ms @ 15827
GC: 0:mIn @ 81,514K(+45,868K)[+11,088K]; free 8,606K(-8,606K) 11ms @ 16005
GC: 0:mIn @ 81,596K(+45,786K)[+11,088K]; free 8,652K(-8,652K) 11ms @ 16186
GC: 0:mIn @ 81,621K(+45,761K)[+11,088K]; free 8,639K(-8,639K) 10ms @ 16368
GC: 0:mIn @ 81,667K(+45,715K)[+11,088K]; free 8,627K(-8,627K) 6ms @ 16549
GC: 0:mIn @ 81,720K(+45,662K)[+11,088K]; free 8,663K(-8,663K) 13ms @ 16688
GC: 0:mIn @ 81,804K(+45,578K)[+11,088K]; free 8,713K(-8,713K) 12ms @ 16896
GC: 0:mIn @ 81,746K(+45,636K)[+11,088K]; free 8,619K(-8,619K) 6ms @ 17071
GC: 0:mIn @ 81,769K(+45,613K)[+11,088K]; free 8,605K(-8,605K) 8ms @ 17249
GC: 0:mIn @ 81,831K(+45,551K)[+11,088K]; free 8,628K(-8,628K) 10ms @ 17369
GC: 0:mIn @ 81,861K(+45,521K)[+11,088K]; free 8,622K(-8,622K) 9ms @ 17527
GC: 0:mIn @ 81,975K(+45,407K)[+11,088K]; free 8,636K(-8,636K) 9ms @ 17679
GC: 0:mIn @ 82,083K(+45,299K)[+11,088K]; free 8,705K(-8,705K) 9ms @ 17873
GC: 0:mIn @ 82,089K(+45,293K)[+11,088K]; free 8,679K(-8,679K) 10ms @ 18017
GC: 0:mIn @ 82,077K(+45,305K)[+11,088K]; free 8,618K(-8,618K) 9ms @ 18169
GC: 0:mIn @ 82,086K(+45,296K)[+11,088K]; free 8,595K(-8,595K) 13ms @ 18369
GC: 0:mIn @ 82,275K(+45,107K)[+11,088K]; free 8,747K(-8,747K) 9ms @ 18573
GC: 0:mIn @ 82,202K(+45,180K)[+11,088K]; free 8,637K(-8,637K) 7ms @ 18754
GC: 0:mIn @ 82,201K(+45,181K)[+11,088K]; free 8,600K(-8,600K) 8ms @ 18877
GC: 0:mIn @ 82,286K(+45,096K)[+11,088K]; free 8,630K(-8,630K) 9ms @ 19025
GC: 0:mIn @ 82,323K(+45,059K)[+11,088K]; free 8,650K(-8,650K) 10ms @ 19208
GC: 0:mIn @ 82,312K(+45,070K)[+11,088K]; free 8,601K(-8,601K) 8ms @ 19397
GC: 0:mIn @ 82,396K(+44,986K)[+11,088K]; free 8,650K(-8,650K) 10ms @ 19532
GC: 0:mIn @ 82,447K(+44,935K)[+11,088K]; free 8,662K(-8,662K) 7ms @ 19689
GC: 0:mIn @ 82,476K(+44,906K)[+11,088K]; free 8,657K(-8,657K) 11ms @ 19905
GC: 0:mIn @ 82,470K(+44,913K)[+11,088K]; free 8,613K(-8,613K) 10ms @ 20038
GC: 0:mIn @ 82,557K(+44,825K)[+11,088K]; free 8,629K(-8,629K) 7ms @ 20198
GC: 0:mIn @ 82,586K(+44,796K)[+11,088K]; free 8,624K(-8,624K) 13ms @ 20344
GC: 0:mIn @ 82,779K(+44,603K)[+11,088K]; free 8,780K(-8,780K) 12ms @ 20552
GC: 0:mIn @ 82,705K(+44,677K)[+11,088K]; free 8,669K(-8,669K) 7ms @ 20725
GC: 0:mIn @ 82,686K(+44,696K)[+11,088K]; free 8,614K(-8,614K) 7ms @ 20898
GC: 0:mIn @ 82,739K(+44,643K)[+11,088K]; free 8,620K(-8,620K) 15ms @ 21049
GC: 0:mIn @ 82,809K(+44,573K)[+11,088K]; free 8,664K(-8,664K) 6ms @ 21219
GC: 0:mIn @ 82,814K(+44,568K)[+11,088K]; free 8,635K(-8,635K) 15ms @ 21383
GC: 0:mIn @ 82,844K(+44,538K)[+11,088K]; free 8,623K(-8,623K) 6ms @ 21557
GC: 0:atexit peak 100,142K(+30,305K)[+11,088K]; alloc 1,373,026K; major 2; minor 141; 1,744ms
