GC: 0:min0 @ 55,085K(+4,708K); free 7,116K(-9,250K) 2ms @ 207
GC: 0:min0 @ 56,452K(+5,474K); free 7,055K(-9,189K) 3ms @ 232
GC: 0:min1 @ 57,915K(+6,146K); free 6,726K(-10,994K) 7ms @ 256
GC: 0:min0 @ 59,582K(+8,747K); free 6,452K(-6,452K) 2ms @ 286
GC: 0:min0 @ 61,912K(+6,416K); free 5,192K(-9,984K) 7ms @ 304
GC: 0:min0 @ 65,276K(+7,844K); free 6,297K(-8,431K) 5ms[20%] @ 330
GC: 0:min1 @ 67,408K(+7,847K); free 5,733K(-16,404K) 16ms @ 352
GC: 0:min0 @ 69,928K(+15,997K); free 5,212K(-5,212K) 2ms @ 380
GC: 0:min0 @ 73,156K(+12,769K); free 5,890K(-5,890K) 3ms @ 401
GC: 0:min0 @ 75,675K(+10,250K); free 6,800K(-6,800K) 3ms @ 428
GC: 0:min1 @ 77,273K(+8,652K); free 6,393K(-17,063K) 13ms @ 449
GC: 0:min0 @ 79,422K(+17,173K); free 5,970K(-5,970K) 2ms @ 481
GC: 0:min0 @ 81,856K(+14,738K); free 5,951K(-5,951K) 3ms @ 503
GC: 0:min0 @ 84,320K(+12,275K); free 5,785K(-5,785K) 4ms @ 525
GC: 0:min2 @ 86,926K(+9,669K); free 8,649K(-42,793K) 45ms @ 547
GC: 0:MAJ4 @ 86,334K(+44,405K); free 7,255K(+3,414K) 32ms @ 614
GC: 0:min0 @ 87,147K(+32,922K); free 7,291K(-7,291K) 3ms @ 668
GC: 0:min0 @ 88,266K(+31,803K); free 6,872K(-6,872K) 2ms @ 691
GC: 0:min1 @ 89,811K(+30,258K); free 8,474K(-8,474K) 3ms @ 705
GC: 0:min0 @ 89,732K(+30,337K); free 7,771K(-7,771K) 1ms @ 721
GC: 0:min0 @ 90,598K(+29,471K); free 7,868K(-7,868K) 1ms @ 738
GC: 0:min0 @ 91,139K(+28,930K); free 7,842K(-7,842K) 1ms @ 753
GC: 0:min1 @ 91,718K(+28,351K); free 7,450K(-7,450K) 3ms @ 768
GC: 0:min0 @ 92,669K(+27,400K); free 5,538K(-5,538K) 3ms @ 785
GC: 0:min0 @ 98,718K(+21,351K); free 7,650K(-7,650K) 4ms @ 805
GC: 0:min0 @ 99,481K(+20,588K); free 5,592K(-5,592K) 3ms @ 826
GC: 0:min1 @ 102,612K(+17,458K); free 7,864K(-12,133K) 10ms @ 850
GC: 0:min0 @ 103,113K(+23,423K); free 5,335K(-3,135K) 3ms @ 871
GC: 0:min0 @ 106,434K(+17,904K); free 5,317K(-5,317K) 3ms @ 906
GC: 0:min0 @ 109,525K(+14,812K); free 7,447K(-7,447K) 1ms @ 925
GC: 0:min2 @ 110,497K(+13,840K); free 10,710K(-29,916K) 28ms @ 946
GC: 0:min0 @ 108,037K(+35,506K); free 8,087K(-8,087K) 1ms @ 990
GC: 0:min0 @ 108,375K(+35,168K); free 7,394K(-7,394K) 2ms @ 1060
GC: 0:min0 @ 109,398K(+34,146K); free 7,404K(-7,404K) 1ms @ 1075
GC: 0:min1 @ 110,661K(+32,883K); free 8,573K(-8,573K) 3ms @ 1092
GC: 0:min0 @ 110,476K(+33,068K); free 6,417K(-6,417K) 3ms @ 1117
GC: 0:min0 @ 112,457K(+31,086K); free 7,883K(-7,883K) 1ms @ 1134
GC: 0:min0 @ 112,985K(+30,558K); free 7,866K(-7,866K) 1ms @ 1155
GC: 0:min1 @ 113,531K(+30,013K); free 8,324K(-8,324K) 3ms @ 1170
GC: 0:min0 @ 113,615K(+29,928K); free 7,402K(-7,402K) 1ms @ 1188
GC: 0:min0 @ 114,620K(+28,924K); free 7,836K(-7,836K) 1ms @ 1210
GC: 0:min0 @ 115,182K(+28,361K); free 7,823K(-7,823K) 1ms @ 1229
GC: 0:min1 @ 115,767K(+27,776K); free 8,220K(-8,220K) 3ms @ 1244
GC: 0:min0 @ 115,926K(+27,618K); free 7,903K(-7,903K) 1ms @ 1264
GC: 0:min0 @ 116,670K(+26,874K); free 7,876K(-7,876K) 2ms @ 1282
GC: 0:min0 @ 117,197K(+26,347K); free 6,381K(-6,381K) 3ms @ 1306
GC: 0:min2 @ 119,196K(+24,348K); free 6,455K(-6,455K) 13ms @ 1328
GC: 0:min0 @ 120,971K(+25,039K); free 5,343K(-2,877K) 3ms @ 1356
GC: 0:min0 @ 124,934K(+18,609K); free 6,427K(-6,427K) 3ms @ 1370
GC: 0:min0 @ 126,904K(+16,639K); free 6,213K(-6,213K) 3ms @ 1403
GC: 0:min1 @ 129,059K(+14,484K); free 5,295K(-15,965K) 16ms[7%] @ 1423
GC: 0:min0 @ 131,876K(+22,338K); free 5,475K(-5,475K) 5ms @ 1457
GC: 0:min0 @ 134,703K(+19,510K); free 6,283K(-6,283K) 3ms @ 1478
GC: 0:min0 @ 136,811K(+17,402K); free 6,257K(-6,257K) 3ms @ 1504
GC: 0:min1 @ 138,973K(+15,241K); free 7,699K(-14,101K) 11ms @ 1532
GC: 0:min0 @ 139,515K(+21,100K); free 7,684K(-7,684K) 2ms @ 1568
GC: 0:min0 @ 140,252K(+20,364K); free 6,056K(-6,056K) 3ms @ 1588
GC: 0:min0 @ 142,625K(+17,991K); free 5,803K(-5,803K) 3ms @ 1607
GC: 0:min1 @ 145,238K(+15,378K); free 6,437K(-12,839K) 11ms @ 1626
GC: 0:min0 @ 147,162K(+19,855K); free 6,892K(-6,892K) 3ms @ 1662
GC: 0:min0 @ 148,676K(+18,341K); free 6,095K(-6,095K) 3ms @ 1682
GC: 0:min0 @ 151,001K(+16,016K); free 8,349K(-8,349K) 0ms @ 1698
GC: 0:min3 @ 151,077K(+15,940K); free 8,124K(-76,413K) 92ms @ 1713
GC: 0:min0 @ 150,424K(+84,882K); free 6,784K(-6,784K) 5ms @ 1821
GC: 0:min0 @ 152,040K(+83,266K); free 6,177K(-6,177K) 3ms @ 1845
GC: 0:min0 @ 154,273K(+81,033K); free 6,499K(-6,499K) 4ms @ 1873
GC: 0:MAJ4 @ 162,244K(+76,617K); free 11,912K(-8,356K) 111ms @ 1919
GC: 0:min0 @ 158,158K(+80,641K); free 5,914K(-5,914K) 1ms @ 2094
GC: 0:min0 @ 160,698K(+78,102K); free 5,718K(-6,766K) 8ms @ 2108
GC: 0:min0 @ 163,379K(+76,469K); free 5,619K(-5,619K) 3ms @ 2127
GC: 0:min1 @ 167,603K(+72,245K); free 8,399K(-8,399K) 8ms @ 2142
GC: 0:min0 @ 167,532K(+72,316K); free 5,246K(-5,246K) 4ms @ 2161
GC: 0:min0 @ 171,202K(+68,646K); free 5,712K(-5,712K) 3ms @ 2176
GC: 0:min0 @ 173,881K(+65,967K); free 4,859K(-4,859K) 3ms @ 2191
GC: 0:min1 @ 177,406K(+62,444K); free 8,488K(-8,488K) 10ms @ 2221
GC: 0:MAJ4 @ 177,046K(+62,841K); free 10,948K(-10,925K) 127ms @ 2299
GC: 0:min0 @ 172,606K(+68,610K); free 7,011K(-6,335K) 2ms @ 2486
GC: 0:min0 @ 173,998K(+66,542K); free 8,305K(-8,305K) 1ms @ 2574
GC: 0:min0 @ 174,100K(+66,440K); free 8,335K(-8,335K) 0ms @ 2671
GC: 0:min1 @ 174,185K(+66,355K); free 8,525K(-8,525K) 1ms @ 2761
GC: 0:min0 @ 174,068K(+66,471K); free 8,313K(-8,313K) 0ms @ 2837
GC: 0:min0 @ 174,172K(+66,368K); free 8,341K(-8,341K) 0ms @ 2910
GC: 0:min0 @ 174,247K(+66,293K); free 8,338K(-8,338K) 0ms @ 2997
GC: 0:min1 @ 174,321K(+66,219K); free 8,545K(-8,545K) 0ms @ 3088
GC: 0:min0 @ 174,191K(+66,349K); free 8,308K(-8,308K) 1ms @ 3177
GC: 0:min0 @ 174,288K(+66,252K); free 8,327K(-8,327K) 1ms @ 3262
GC: 0:min0 @ 174,376K(+66,164K); free 8,293K(-8,293K) 1ms @ 3353
GC: 0:min1 @ 174,492K(+66,047K); free 8,606K(-8,606K) 1ms @ 3487
GC: 0:min0 @ 174,308K(+66,231K); free 8,337K(-8,337K) 0ms @ 3581
GC: 0:min0 @ 174,383K(+66,157K); free 8,348K(-8,348K) 0ms @ 3662
GC: 0:min0 @ 174,459K(+66,081K); free 8,315K(-8,315K) 1ms @ 3738
GC: 0:min2 @ 174,555K(+65,985K); free 8,902K(-8,902K) 2ms @ 3838
GC: 0:min0 @ 174,065K(+66,475K); free 8,330K(-8,330K) 1ms @ 3923
GC: 0:min0 @ 174,165K(+66,375K); free 8,364K(-8,364K) 0ms @ 4016
GC: 0:min0 @ 174,222K(+66,318K); free 8,308K(-8,308K) 1ms @ 4139
GC: 0:min1 @ 174,337K(+66,203K); free 8,585K(-8,585K) 1ms @ 4240
GC: 0:min0 @ 174,168K(+66,371K); free 8,328K(-8,328K) 0ms @ 4357
GC: 0:min0 @ 174,255K(+66,285K); free 8,325K(-8,325K) 1ms @ 4451
GC: 0:min0 @ 174,339K(+66,201K); free 8,328K(-8,328K) 1ms @ 4548
GC: 0:min1 @ 174,433K(+66,107K); free 8,562K(-8,562K) 0ms @ 4650
GC: 0:min0 @ 174,280K(+66,259K); free 8,304K(-8,304K) 1ms @ 4744
GC: 0:min0 @ 174,385K(+66,155K); free 8,325K(-8,325K) 1ms @ 4841
GC: 0:min0 @ 174,476K(+66,064K); free 8,340K(-8,340K) 0ms @ 4943
GC: 0:min1 @ 174,557K(+65,983K); free 8,563K(-8,563K) 0ms @ 5039
GC: 0:min0 @ 174,406K(+66,133K); free 8,302K(-8,302K) 0ms @ 5133
GC: 0:min0 @ 174,525K(+66,015K); free 8,334K(-8,334K) 1ms @ 5230
GC: 0:min0 @ 174,611K(+65,928K); free 8,334K(-8,334K) 1ms @ 5335
GC: 0:min2 @ 174,697K(+65,843K); free 8,929K(-8,929K) 1ms @ 5412
GC: 0:min0 @ 174,182K(+66,358K); free 8,312K(-8,312K) 0ms @ 5486
GC: 0:min0 @ 174,289K(+66,251K); free 8,326K(-8,326K) 1ms @ 5570
GC: 0:min0 @ 174,374K(+66,166K); free 8,344K(-8,344K) 1ms @ 5661
GC: 0:min1 @ 174,438K(+66,102K); free 8,547K(-8,547K) 0ms @ 5753
GC: 0:min0 @ 174,316K(+66,224K); free 8,304K(-8,304K) 0ms @ 5870
GC: 0:min0 @ 174,432K(+66,108K); free 8,329K(-8,329K) 1ms @ 5975
GC: 0:min0 @ 174,523K(+66,017K); free 8,356K(-8,356K) 1ms @ 6047
GC: 0:min1 @ 174,585K(+65,954K); free 8,570K(-8,570K) 0ms @ 6130
GC: 0:min0 @ 174,430K(+66,110K); free 8,315K(-8,315K) 1ms @ 6233
GC: 0:min0 @ 174,527K(+66,013K); free 8,328K(-8,328K) 1ms @ 6339
GC: 0:min0 @ 174,618K(+65,922K); free 8,296K(-8,296K) 1ms @ 6465
GC: 0:min1 @ 174,743K(+65,797K); free 8,611K(-8,611K) 0ms @ 6565
GC: 0:min0 @ 174,543K(+65,996K); free 8,308K(-8,308K) 1ms @ 6667
GC: 0:min0 @ 174,655K(+65,884K); free 8,341K(-8,341K) 1ms @ 6776
GC: 0:min0 @ 174,729K(+65,811K); free 8,345K(-8,345K) 0ms @ 6881
GC: 0:min2 @ 174,800K(+65,739K); free 8,908K(-8,908K) 0ms @ 6986
GC: 0:min0 @ 174,308K(+66,232K); free 8,299K(-8,299K) 1ms @ 7065
GC: 0:min0 @ 174,418K(+66,122K); free 8,302K(-8,302K) 0ms @ 7155
GC: 0:min0 @ 174,524K(+66,016K); free 8,319K(-8,319K) 0ms @ 7229
GC: 0:min1 @ 174,663K(+65,877K); free 8,643K(-8,643K) 0ms @ 7302
GC: 0:min0 @ 174,428K(+66,111K); free 8,285K(-8,285K) 1ms @ 7388
GC: 0:min0 @ 174,555K(+65,984K); free 8,301K(-8,301K) 1ms @ 7477
GC: 0:min0 @ 174,670K(+65,869K); free 8,324K(-8,324K) 0ms @ 7577
GC: 0:min1 @ 174,765K(+65,775K); free 8,677K(-8,677K) 0ms @ 7679
GC: 0:min0 @ 174,538K(+66,002K); free 8,311K(-8,311K) 0ms @ 7757
GC: 0:min0 @ 174,641K(+65,898K); free 8,298K(-8,298K) 0ms @ 7852
GC: 0:min0 @ 174,761K(+65,779K); free 8,339K(-8,339K) 0ms @ 7936
GC: 0:min1 @ 174,836K(+65,703K); free 8,685K(-8,685K) 0ms @ 8017
GC: 0:min0 @ 174,569K(+65,970K); free 8,298K(-8,298K) 0ms @ 8093
GC: 0:min0 @ 174,690K(+65,850K); free 8,322K(-8,322K) 0ms @ 8169
GC: 0:min0 @ 174,775K(+65,765K); free 8,345K(-8,345K) 0ms @ 8247
GC: 0:min3 @ 174,844K(+65,696K); free 9,180K(-9,180K) 1ms @ 8325
GC: 0:min0 @ 174,075K(+66,464K); free 8,316K(-8,316K) 0ms @ 8402
GC: 0:min0 @ 174,173K(+66,367K); free 8,318K(-8,318K) 1ms @ 8537
GC: 0:min0 @ 174,273K(+66,267K); free 8,363K(-8,363K) 0ms @ 8611
GC: 0:min1 @ 174,331K(+66,209K); free 8,562K(-8,562K) 0ms @ 8685
GC: 0:min0 @ 174,179K(+66,360K); free 8,320K(-8,320K) 1ms @ 8762
GC: 0:min0 @ 174,267K(+66,273K); free 8,329K(-8,329K) 1ms @ 8849
GC: 0:min0 @ 174,351K(+66,188K); free 8,290K(-8,290K) 0ms @ 8948
GC: 0:min1 @ 174,468K(+66,072K); free 8,596K(-8,596K) 1ms @ 9037
GC: 0:min0 @ 174,277K(+66,262K); free 8,316K(-8,316K) 1ms @ 9126
GC: 0:min0 @ 174,385K(+66,155K); free 8,354K(-8,354K) 1ms @ 9218
GC: 0:min0 @ 174,442K(+66,098K); free 8,303K(-8,303K) 1ms @ 9308
GC: 0:min1 @ 174,557K(+65,983K); free 8,595K(-8,595K) 1ms @ 9404
GC: 0:min0 @ 174,377K(+66,162K); free 8,328K(-8,328K) 1ms @ 9490
GC: 0:min0 @ 174,464K(+66,076K); free 8,350K(-8,350K) 0ms @ 9580
GC: 0:min0 @ 174,528K(+66,011K); free 8,292K(-8,292K) 0ms @ 9668
GC: 0:min2 @ 174,655K(+65,885K); free 8,890K(-8,890K) 0ms @ 9758
GC: 0:min0 @ 174,184K(+66,355K); free 8,330K(-8,330K) 1ms @ 9844
GC: 0:min0 @ 174,266K(+66,274K); free 8,342K(-8,342K) 0ms @ 9933
GC: 0:min0 @ 174,340K(+66,199K); free 8,350K(-8,350K) 1ms @ 10049
GC: 0:min1 @ 174,411K(+66,129K); free 8,537K(-8,537K) 1ms @ 10167
GC: 0:min0 @ 174,297K(+66,243K); free 8,338K(-8,338K) 0ms @ 10251
GC: 0:min0 @ 174,367K(+66,172K); free 8,322K(-8,322K) 1ms @ 10331
GC: 0:min0 @ 174,454K(+66,086K); free 8,338K(-8,338K) 0ms @ 10417
GC: 0:min1 @ 174,545K(+65,995K); free 8,552K(-8,552K) 0ms @ 10503
GC: 0:min0 @ 174,414K(+66,126K); free 8,312K(-8,312K) 1ms @ 10589
GC: 0:min0 @ 174,523K(+66,017K); free 8,328K(-8,328K) 1ms @ 10671
GC: 0:min0 @ 174,621K(+65,919K); free 8,335K(-8,335K) 0ms @ 10754
GC: 0:min1 @ 174,697K(+65,842K); free 8,581K(-8,581K) 1ms @ 10891
GC: 0:min0 @ 174,540K(+66,000K); free 8,331K(-8,331K) 1ms @ 10969
GC: 0:min0 @ 174,622K(+65,918K); free 8,319K(-8,319K) 0ms @ 11094
GC: 0:min0 @ 174,711K(+65,829K); free 8,347K(-8,347K) 0ms @ 11178
GC: 0:min2 @ 174,786K(+65,754K); free 8,897K(-8,897K) 1ms @ 11254
GC: 0:min0 @ 174,306K(+66,234K); free 8,314K(-8,314K) 0ms @ 11336
GC: 0:min0 @ 174,403K(+66,137K); free 8,345K(-8,345K) 0ms @ 11414
GC: 0:min0 @ 174,469K(+66,071K); free 8,291K(-8,291K) 0ms @ 11492
GC: 0:min1 @ 174,620K(+65,920K); free 8,603K(-8,603K) 1ms @ 11566
GC: 0:min0 @ 174,421K(+66,119K); free 8,308K(-8,308K) 0ms @ 11646
GC: 0:min0 @ 174,533K(+66,006K); free 8,354K(-8,354K) 1ms @ 11725
GC: 0:min0 @ 174,588K(+65,952K); free 8,295K(-8,295K) 1ms @ 11818
GC: 0:min1 @ 174,704K(+65,836K); free 8,586K(-8,586K) 0ms @ 11899
GC: 0:min0 @ 174,524K(+66,016K); free 8,318K(-8,318K) 0ms @ 11990
GC: 0:min0 @ 174,632K(+65,908K); free 8,305K(-8,305K) 0ms @ 12072
GC: 0:min0 @ 174,736K(+65,803K); free 8,301K(-8,301K) 0ms @ 12148
GC: 0:min1 @ 174,850K(+65,690K); free 8,641K(-8,641K) 1ms @ 12235
GC: 0:min0 @ 174,624K(+65,915K); free 8,327K(-8,327K) 0ms @ 12306
GC: 0:min0 @ 174,738K(+65,801K); free 8,319K(-8,319K) 0ms @ 12380
GC: 0:min0 @ 174,846K(+65,694K); free 8,302K(-8,302K) 0ms @ 12450
GC: 0:min2 @ 174,962K(+65,577K); free 8,969K(-8,969K) 1ms @ 12519
GC: 0:min0 @ 174,403K(+66,137K); free 8,331K(-8,331K) 0ms @ 12591
GC: 0:min0 @ 174,487K(+66,053K); free 8,352K(-8,352K) 1ms @ 12662
GC: 0:min0 @ 174,552K(+65,988K); free 8,300K(-8,300K) 1ms @ 12733
GC: 0:min1 @ 174,668K(+65,871K); free 8,572K(-8,572K) 0ms @ 12806
GC: 0:min0 @ 174,512K(+66,028K); free 8,326K(-8,326K) 1ms @ 12881
GC: 0:min0 @ 174,600K(+65,939K); free 8,351K(-8,351K) 1ms @ 12955
GC: 0:min0 @ 174,659K(+65,881K); free 8,293K(-8,293K) 1ms @ 13054
GC: 0:min1 @ 174,781K(+65,759K); free 8,587K(-8,587K) 1ms @ 13126
GC: 0:min0 @ 174,606K(+65,934K); free 8,324K(-8,324K) 0ms @ 13258
GC: 0:min0 @ 174,746K(+65,794K); free 8,341K(-8,341K) 0ms @ 13350
GC: 0:min0 @ 174,812K(+65,728K); free 8,289K(-8,289K) 0ms @ 13439
GC: 0:min1 @ 174,935K(+65,605K); free 8,661K(-8,661K) 0ms @ 13525
GC: 0:min0 @ 174,692K(+65,848K); free 8,340K(-8,340K) 1ms @ 13645
GC: 0:min0 @ 174,766K(+65,774K); free 8,289K(-8,289K) 1ms @ 13739
GC: 0:min0 @ 174,886K(+65,654K); free 8,320K(-8,320K) 1ms @ 13814
GC: 0:min3 @ 174,975K(+65,565K); free 9,347K(-9,347K) 1ms @ 13891
GC: 0:min0 @ 174,048K(+66,492K); free 8,296K(-8,296K) 0ms @ 13979
GC: 0:min0 @ 174,173K(+66,367K); free 8,312K(-8,312K) 0ms @ 14076
GC: 0:min0 @ 174,273K(+66,267K); free 8,324K(-8,324K) 1ms @ 14168
GC: 0:min1 @ 174,374K(+66,166K); free 8,665K(-8,665K) 0ms @ 14258
GC: 0:min0 @ 174,115K(+66,425K); free 8,277K(-8,277K) 0ms @ 14350
GC: 0:min0 @ 174,250K(+66,290K); free 8,315K(-8,315K) 1ms @ 14443
GC: 0:min0 @ 174,355K(+66,185K); free 8,332K(-8,332K) 1ms @ 14561
GC: 0:min1 @ 174,444K(+66,096K); free 8,661K(-8,661K) 0ms @ 14663
GC: 0:min0 @ 174,202K(+66,338K); free 8,311K(-8,311K) 0ms @ 14738
GC: 0:min0 @ 174,297K(+66,243K); free 8,313K(-8,313K) 0ms @ 14813
GC: 0:min0 @ 174,392K(+66,147K); free 8,327K(-8,327K) 0ms @ 14885
GC: 0:min1 @ 174,482K(+66,058K); free 8,623K(-8,623K) 1ms @ 14997
GC: 0:min0 @ 174,281K(+66,259K); free 8,297K(-8,297K) 0ms @ 15084
GC: 0:min0 @ 174,395K(+66,144K); free 8,327K(-8,327K) 0ms @ 15157
GC: 0:min0 @ 174,487K(+66,053K); free 8,345K(-8,345K) 1ms @ 15229
GC: 0:min2 @ 174,561K(+65,978K); free 8,810K(-8,810K) 0ms @ 15306
GC: 0:min0 @ 174,172K(+66,368K); free 8,305K(-8,305K) 1ms @ 15392
GC: 0:min0 @ 174,274K(+66,265K); free 8,309K(-8,309K) 1ms @ 15492
GC: 0:min0 @ 174,386K(+66,154K); free 8,345K(-8,345K) 1ms @ 15599
GC: 0:min1 @ 174,458K(+66,082K); free 8,636K(-8,636K) 1ms @ 15720
GC: 0:min0 @ 174,244K(+66,296K); free 8,307K(-8,307K) 0ms @ 15809
GC: 0:min0 @ 174,353K(+66,187K); free 8,309K(-8,309K) 1ms @ 15929
GC: 0:min0 @ 174,454K(+66,085K); free 8,337K(-8,337K) 1ms @ 16025
GC: 0:min1 @ 174,543K(+65,997K); free 8,594K(-8,594K) 1ms @ 16098
GC: 0:min0 @ 174,358K(+66,182K); free 8,304K(-8,304K) 0ms @ 16193
GC: 0:min0 @ 174,479K(+66,061K); free 8,343K(-8,343K) 1ms @ 16287
GC: 0:min0 @ 174,551K(+65,989K); free 8,351K(-8,351K) 0ms @ 16378
GC: 0:min1 @ 174,622K(+65,917K); free 8,537K(-8,537K) 1ms @ 16464
GC: 0:min0 @ 174,495K(+66,045K); free 8,305K(-8,305K) 1ms @ 16560
GC: 0:min0 @ 174,598K(+65,941K); free 8,320K(-8,320K) 0ms @ 16667
GC: 0:min0 @ 174,714K(+65,825K); free 8,309K(-8,309K) 1ms @ 16758
GC: 0:min2 @ 174,826K(+65,714K); free 8,971K(-8,971K) 1ms @ 16879
GC: 0:min0 @ 174,266K(+66,274K); free 8,319K(-8,319K) 1ms @ 16961
GC: 0:min0 @ 174,358K(+66,182K); free 8,332K(-8,332K) 1ms @ 17048
GC: 0:min0 @ 174,434K(+66,105K); free 8,283K(-8,283K) 1ms @ 17155
GC: 0:min1 @ 174,568K(+65,972K); free 8,608K(-8,608K) 0ms @ 17251
GC: 0:min0 @ 174,387K(+66,153K); free 8,323K(-8,323K) 1ms @ 17331
GC: 0:min0 @ 174,470K(+66,070K); free 8,332K(-8,332K) 0ms @ 17427
GC: 0:min0 @ 174,560K(+65,979K); free 8,301K(-8,301K) 1ms @ 17518
GC: 0:min1 @ 174,673K(+65,867K); free 8,606K(-8,606K) 1ms @ 17606
GC: 0:min0 @ 174,483K(+66,057K); free 8,325K(-8,325K) 1ms @ 17688
GC: 0:min0 @ 174,573K(+65,967K); free 8,332K(-8,332K) 1ms @ 17773
GC: 0:min0 @ 174,664K(+65,876K); free 8,358K(-8,358K) 0ms @ 17862
GC: 0:min1 @ 174,716K(+65,823K); free 8,536K(-8,536K) 1ms @ 17946
GC: 0:min0 @ 174,592K(+65,948K); free 8,323K(-8,323K) 1ms @ 18065
GC: 0:min0 @ 174,700K(+65,839K); free 8,345K(-8,345K) 0ms @ 18153
GC: 0:min0 @ 174,767K(+65,773K); free 8,279K(-8,279K) 1ms @ 18244
GC: 0:min2 @ 174,904K(+65,635K); free 8,941K(-8,941K) 1ms @ 18328
GC: 0:min0 @ 174,370K(+66,170K); free 8,310K(-8,310K) 1ms @ 18434
GC: 0:min0 @ 174,470K(+66,070K); free 8,332K(-8,332K) 1ms @ 18535
GC: 0:min0 @ 174,547K(+65,993K); free 8,293K(-8,293K) 1ms @ 18641
GC: 0:min1 @ 174,668K(+65,872K); free 8,611K(-8,611K) 0ms @ 18750
GC: 0:min0 @ 174,463K(+66,077K); free 8,335K(-8,335K) 1ms @ 18832
GC: 0:min0 @ 174,551K(+65,989K); free 8,296K(-8,296K) 0ms @ 18913
GC: 0:min0 @ 174,673K(+65,867K); free 8,302K(-8,302K) 0ms @ 19036
GC: 0:min1 @ 174,784K(+65,756K); free 8,613K(-8,613K) 1ms @ 19131
GC: 0:min0 @ 174,622K(+65,918K); free 8,360K(-8,360K) 0ms @ 19243
GC: 0:min0 @ 174,680K(+65,860K); free 8,287K(-8,287K) 1ms @ 19342
GC: 0:min0 @ 174,799K(+65,740K); free 8,308K(-8,308K) 0ms @ 19460
GC: 0:min1 @ 174,902K(+65,637K); free 8,658K(-8,658K) 0ms @ 19565
GC: 0:min0 @ 174,659K(+65,881K); free 8,298K(-8,298K) 0ms @ 19649
GC: 0:atexit peak 177,406K(+63,810K); alloc 2,239,227K; major 3; minor 262; 796ms
